<?xml version="1.0" encoding="UTF-8"?>
<testsuite name="com.rokurics.app.data.SecureUploadUtilitiesTest" tests="10" skipped="0" failures="0" errors="0" timestamp="2026-05-31T11:04:39" hostname="MacBook-Pro.local" time="0.03">
  <properties/>
  <testcase name="sha256Hex_differentInputsProduceDifferentHashes" classname="com.rokurics.app.data.SecureUploadUtilitiesTest" time="0.005"/>
  <testcase name="hmacSHA256Base64URL_differentPayloadsProduceDifferentResults" classname="com.rokurics.app.data.SecureUploadUtilitiesTest" time="0.019"/>
  <testcase name="hmacSHA256Base64URL_sameInputProducesSameResult" classname="com.rokurics.app.data.SecureUploadUtilitiesTest" time="0.001"/>
  <testcase name="hmacSHA256Base64URL_invalidSecretProducesNull" classname="com.rokurics.app.data.SecureUploadUtilitiesTest" time="0.0"/>
  <testcase name="hmacSHA256Base64URL_validSecretProducesSignature" classname="com.rokurics.app.data.SecureUploadUtilitiesTest" time="0.0"/>
  <testcase name="randomBase64URLToken_generatesUniqueTokens" classname="com.rokurics.app.data.SecureUploadUtilitiesTest" time="0.001"/>
  <testcase name="sha256Hex_fileHashing" classname="com.rokurics.app.data.SecureUploadUtilitiesTest" time="0.002"/>
  <testcase name="sha256Hex_consistentOutput" classname="com.rokurics.app.data.SecureUploadUtilitiesTest" time="0.0"/>
  <testcase name="normalizedCertificateFingerprint_lowercaseToUppercase" classname="com.rokurics.app.data.SecureUploadUtilitiesTest" time="0.0"/>
  <testcase name="normalizedCertificateFingerprint_removesNonHex" classname="com.rokurics.app.data.SecureUploadUtilitiesTest" time="0.001"/>
  <system-out><![CDATA[]]></system-out>
  <system-err><![CDATA[]]></system-err>
</testsuite>
