<?xml version="1.0" encoding="UTF-8"?>
<testsuite name="com.rokurics.app.domain.sync.SyncManifestChecksumTest" tests="8" skipped="0" failures="0" errors="0" timestamp="2026-06-01T03:23:44" hostname="MacBook-Pro.local" time="0.001">
  <properties/>
  <testcase name="testDiffPlanWithActionsHasWork" classname="com.rokurics.app.domain.sync.SyncManifestChecksumTest" time="0.0"/>
  <testcase name="testDiffPlanEmptyHasNoWork" classname="com.rokurics.app.domain.sync.SyncManifestChecksumTest" time="0.0"/>
  <testcase name="testSyncStateNoBackoffWhenNone" classname="com.rokurics.app.domain.sync.SyncManifestChecksumTest" time="0.0"/>
  <testcase name="testArtifactKindAutoDownload" classname="com.rokurics.app.domain.sync.SyncManifestChecksumTest" time="0.0"/>
  <testcase name="testSyncStateBackoffExpired" classname="com.rokurics.app.domain.sync.SyncManifestChecksumTest" time="0.0"/>
  <testcase name="testApplyResultSummary" classname="com.rokurics.app.domain.sync.SyncManifestChecksumTest" time="0.001"/>
  <testcase name="testEmptyApplyResultSummary" classname="com.rokurics.app.domain.sync.SyncManifestChecksumTest" time="0.0"/>
  <testcase name="testSyncStateBackoffActive" classname="com.rokurics.app.domain.sync.SyncManifestChecksumTest" time="0.0"/>
  <system-out><![CDATA[]]></system-out>
  <system-err><![CDATA[]]></system-err>
</testsuite>
