<?xml version="1.0" encoding="UTF-8"?>
<testsuite name="com.rokurics.app.domain.model.StudyFilingModelsTest" tests="7" skipped="0" failures="0" errors="0" timestamp="2026-06-01T02:36:10" hostname="MacBook-Pro.local" time="0.002">
  <properties/>
  <testcase name="studyFilingPath_fullHierarchy" classname="com.rokurics.app.domain.model.StudyFilingModelsTest" time="0.001"/>
  <testcase name="studyBrowsePath_appending" classname="com.rokurics.app.domain.model.StudyFilingModelsTest" time="0.0"/>
  <testcase name="studyFilingPath_empty" classname="com.rokurics.app.domain.model.StudyFilingModelsTest" time="0.0"/>
  <testcase name="studyFilingPath_partialHierarchy" classname="com.rokurics.app.domain.model.StudyFilingModelsTest" time="0.0"/>
  <testcase name="studyTag_displayTitle" classname="com.rokurics.app.domain.model.StudyFilingModelsTest" time="0.001"/>
  <testcase name="studyBrowsePath_truncatedTo" classname="com.rokurics.app.domain.model.StudyFilingModelsTest" time="0.0"/>
  <testcase name="studyTag_defaultDisplayTitle" classname="com.rokurics.app.domain.model.StudyFilingModelsTest" time="0.0"/>
  <system-out><![CDATA[]]></system-out>
  <system-err><![CDATA[]]></system-err>
</testsuite>
