<?xml version="1.0" encoding="UTF-8"?>
<testsuite name="com.rokurics.app.domain.provider.AudioPreprocessorTest" tests="17" skipped="0" failures="0" errors="0" timestamp="2026-05-28T13:49:08" hostname="MacBook-Pro.local" time="0.031">
  <properties/>
  <testcase name="testPassthroughConverterMissingFile" classname="com.rokurics.app.domain.provider.AudioPreprocessorTest" time="0.008"/>
  <testcase name="testWavWriterEmpty" classname="com.rokurics.app.domain.provider.AudioPreprocessorTest" time="0.006"/>
  <testcase name="testMediaCodecConverterMissingFile" classname="com.rokurics.app.domain.provider.AudioPreprocessorTest" time="0.003"/>
  <testcase name="testNoConversionForWave" classname="com.rokurics.app.domain.provider.AudioPreprocessorTest" time="0.004"/>
  <testcase name="testPreprocessorPassthroughForWav" classname="com.rokurics.app.domain.provider.AudioPreprocessorTest" time="0.002"/>
  <testcase name="testPreprocessorRequiresConversionForNonWav" classname="com.rokurics.app.domain.provider.AudioPreprocessorTest" time="0.001"/>
  <testcase name="testWavWriterPcm16Bytes" classname="com.rokurics.app.domain.provider.AudioPreprocessorTest" time="0.0"/>
  <testcase name="testAudioConversionResultFields" classname="com.rokurics.app.domain.provider.AudioPreprocessorTest" time="0.001"/>
  <testcase name="testAudioConversionResultNoConversion" classname="com.rokurics.app.domain.provider.AudioPreprocessorTest" time="0.0"/>
  <testcase name="testRequiresConversionForAac" classname="com.rokurics.app.domain.provider.AudioPreprocessorTest" time="0.0"/>
  <testcase name="testRequiresConversionForM4a" classname="com.rokurics.app.domain.provider.AudioPreprocessorTest" time="0.0"/>
  <testcase name="testRequiresConversionForMp3" classname="com.rokurics.app.domain.provider.AudioPreprocessorTest" time="0.0"/>
  <testcase name="testNoConversionForWav" classname="com.rokurics.app.domain.provider.AudioPreprocessorTest" time="0.0"/>
  <testcase name="testPassthroughConverterCopy" classname="com.rokurics.app.domain.provider.AudioPreprocessorTest" time="0.002"/>
  <testcase name="testWavWriterCreatesValidHeader" classname="com.rokurics.app.domain.provider.AudioPreprocessorTest" time="0.002"/>
  <testcase name="testAudioPreprocessError" classname="com.rokurics.app.domain.provider.AudioPreprocessorTest" time="0.0"/>
  <testcase name="testMediaCodecConverterIsAvailable" classname="com.rokurics.app.domain.provider.AudioPreprocessorTest" time="0.0"/>
  <system-out><![CDATA[]]></system-out>
  <system-err><![CDATA[]]></system-err>
</testsuite>
