<?xml version="1.0" encoding="UTF-8"?>
<testsuite name="com.rokurics.app.domain.model.RecordingUploadModelsTest" tests="14" skipped="0" failures="0" errors="0" timestamp="2026-06-01T03:23:44" hostname="MacBook-Pro.local" time="0.002">
  <properties/>
  <testcase name="testJobDispositionEnumValues" classname="com.rokurics.app.domain.model.RecordingUploadModelsTest" time="0.0"/>
  <testcase name="testResumeContextDefaultValues" classname="com.rokurics.app.domain.model.RecordingUploadModelsTest" time="0.001"/>
  <testcase name="testSessionResponseDefaults" classname="com.rokurics.app.domain.model.RecordingUploadModelsTest" time="0.0"/>
  <testcase name="testMaxChunkSizeIs8MB" classname="com.rokurics.app.domain.model.RecordingUploadModelsTest" time="0.0"/>
  <testcase name="testUploadJobDefaultState" classname="com.rokurics.app.domain.model.RecordingUploadModelsTest" time="0.0"/>
  <testcase name="testResumeContextWithSession" classname="com.rokurics.app.domain.model.RecordingUploadModelsTest" time="0.0"/>
  <testcase name="testResumableUploadStateEnumValues" classname="com.rokurics.app.domain.model.RecordingUploadModelsTest" time="0.0"/>
  <testcase name="testUploadModeEnumValues" classname="com.rokurics.app.domain.model.RecordingUploadModelsTest" time="0.0"/>
  <testcase name="testResumableMaxIs16GB" classname="com.rokurics.app.domain.model.RecordingUploadModelsTest" time="0.0"/>
  <testcase name="testSessionResponseCompleted" classname="com.rokurics.app.domain.model.RecordingUploadModelsTest" time="0.0"/>
  <testcase name="testResumableChunkSizeIs4MB" classname="com.rokurics.app.domain.model.RecordingUploadModelsTest" time="0.0"/>
  <testcase name="testResumableThresholdIs64MB" classname="com.rokurics.app.domain.model.RecordingUploadModelsTest" time="0.001"/>
  <testcase name="testUploadJobStateTransitions" classname="com.rokurics.app.domain.model.RecordingUploadModelsTest" time="0.0"/>
  <testcase name="testSingleRequestMaxIs512MB" classname="com.rokurics.app.domain.model.RecordingUploadModelsTest" time="0.0"/>
  <system-out><![CDATA[]]></system-out>
  <system-err><![CDATA[]]></system-err>
</testsuite>
