<?xml version="1.0" encoding="UTF-8"?>
<testsuite name="com.rokurics.app.domain.provider.WhisperCppEngineTest" tests="38" skipped="0" failures="0" errors="0" timestamp="2026-05-27T03:58:39" hostname="MacBook-Pro.local" time="0.006">
  <properties/>
  <testcase name="testEngineId" classname="com.rokurics.app.domain.provider.WhisperCppEngineTest" time="0.0"/>
  <testcase name="testValidateConfigurationNotConfigured" classname="com.rokurics.app.domain.provider.WhisperCppEngineTest" time="0.0"/>
  <testcase name="testEngineStatusModelNotFound" classname="com.rokurics.app.domain.provider.WhisperCppEngineTest" time="0.001"/>
  <testcase name="testConfiguredLanguage" classname="com.rokurics.app.domain.provider.WhisperCppEngineTest" time="0.0"/>
  <testcase name="testBuilderCreatesEngine" classname="com.rokurics.app.domain.provider.WhisperCppEngineTest" time="0.001"/>
  <testcase name="testWhisperModelKindAllValues" classname="com.rokurics.app.domain.provider.WhisperCppEngineTest" time="0.0"/>
  <testcase name="testPreprocessingStrategyValues" classname="com.rokurics.app.domain.provider.WhisperCppEngineTest" time="0.0"/>
  <testcase name="testInferSmall" classname="com.rokurics.app.domain.provider.WhisperCppEngineTest" time="0.0"/>
  <testcase name="testInferUnknown" classname="com.rokurics.app.domain.provider.WhisperCppEngineTest" time="0.0"/>
  <testcase name="testTranscribeFailsWhenNotAvailable" classname="com.rokurics.app.domain.provider.WhisperCppEngineTest" time="0.0"/>
  <testcase name="testConfigurationFieldsPreserved" classname="com.rokurics.app.domain.provider.WhisperCppEngineTest" time="0.0"/>
  <testcase name="testInferLargeV1" classname="com.rokurics.app.domain.provider.WhisperCppEngineTest" time="0.0"/>
  <testcase name="testInferLargeV2" classname="com.rokurics.app.domain.provider.WhisperCppEngineTest" time="0.0"/>
  <testcase name="testInferLargeV3" classname="com.rokurics.app.domain.provider.WhisperCppEngineTest" time="0.0"/>
  <testcase name="testWhisperEngineStatusLabels" classname="com.rokurics.app.domain.provider.WhisperCppEngineTest" time="0.0"/>
  <testcase name="testInferLargeV3Turbo" classname="com.rokurics.app.domain.provider.WhisperCppEngineTest" time="0.0"/>
  <testcase name="testTranscribeFailsWithMissingFile" classname="com.rokurics.app.domain.provider.WhisperCppEngineTest" time="0.001"/>
  <testcase name="testConfigurationLanguageDefault" classname="com.rokurics.app.domain.provider.WhisperCppEngineTest" time="0.0"/>
  <testcase name="testConfigurationLanguageCustom" classname="com.rokurics.app.domain.provider.WhisperCppEngineTest" time="0.0"/>
  <testcase name="testBuilderWithGpu" classname="com.rokurics.app.domain.provider.WhisperCppEngineTest" time="0.0"/>
  <testcase name="testInferMedium" classname="com.rokurics.app.domain.provider.WhisperCppEngineTest" time="0.0"/>
  <testcase name="testConfigurationInvalidWhenModelFileMissing" classname="com.rokurics.app.domain.provider.WhisperCppEngineTest" time="0.0"/>
  <testcase name="testConfigurationInvalidWhenModelPathBlank" classname="com.rokurics.app.domain.provider.WhisperCppEngineTest" time="0.0"/>
  <testcase name="testWhisperEngineStatusAllValues" classname="com.rokurics.app.domain.provider.WhisperCppEngineTest" time="0.0"/>
  <testcase name="testEngineStatusExecutableNotFound" classname="com.rokurics.app.domain.provider.WhisperCppEngineTest" time="0.001"/>
  <testcase name="testEngineStatusNotConfigured" classname="com.rokurics.app.domain.provider.WhisperCppEngineTest" time="0.0"/>
  <testcase name="testLargePreferred" classname="com.rokurics.app.domain.provider.WhisperCppEngineTest" time="0.0"/>
  <testcase name="testModelKindInference" classname="com.rokurics.app.domain.provider.WhisperCppEngineTest" time="0.0"/>
  <testcase name="testConfigurationModelNameUnset" classname="com.rokurics.app.domain.provider.WhisperCppEngineTest" time="0.001"/>
  <testcase name="testModelKindDisplayNames" classname="com.rokurics.app.domain.provider.WhisperCppEngineTest" time="0.0"/>
  <testcase name="testConfigurationLanguageTrimmed" classname="com.rokurics.app.domain.provider.WhisperCppEngineTest" time="0.0"/>
  <testcase name="testEngineStatusNativeLibMissing" classname="com.rokurics.app.domain.provider.WhisperCppEngineTest" time="0.0"/>
  <testcase name="testInferBase" classname="com.rokurics.app.domain.provider.WhisperCppEngineTest" time="0.0"/>
  <testcase name="testInferNull" classname="com.rokurics.app.domain.provider.WhisperCppEngineTest" time="0.001"/>
  <testcase name="testInferTiny" classname="com.rokurics.app.domain.provider.WhisperCppEngineTest" time="0.0"/>
  <testcase name="testBuilderDefaults" classname="com.rokurics.app.domain.provider.WhisperCppEngineTest" time="0.0"/>
  <testcase name="testInferCaseInsensitive" classname="com.rokurics.app.domain.provider.WhisperCppEngineTest" time="0.0"/>
  <testcase name="testConfigurationModelName" classname="com.rokurics.app.domain.provider.WhisperCppEngineTest" time="0.0"/>
  <system-out><![CDATA[]]></system-out>
  <system-err><![CDATA[]]></system-err>
</testsuite>
