<?xml version="1.0" encoding="UTF-8"?>
<testsuite name="com.rokurics.app.domain.provider.LocalTranscriptionEngineTest" tests="10" skipped="0" failures="0" errors="0" timestamp="2026-05-31T11:04:39" hostname="MacBook-Pro.local" time="0.02">
  <properties/>
  <testcase name="testTranscriptionStatusEnumValues" classname="com.rokurics.app.domain.provider.LocalTranscriptionEngineTest" time="0.0"/>
  <testcase name="testFakeEngineNotAvailable" classname="com.rokurics.app.domain.provider.LocalTranscriptionEngineTest" time="0.0"/>
  <testcase name="testFakeEngineCallCount" classname="com.rokurics.app.domain.provider.LocalTranscriptionEngineTest" time="0.017"/>
  <testcase name="testFakeEngineSucceeds" classname="com.rokurics.app.domain.provider.LocalTranscriptionEngineTest" time="0.001"/>
  <testcase name="testFakeEngineIsAvailable" classname="com.rokurics.app.domain.provider.LocalTranscriptionEngineTest" time="0.0"/>
  <testcase name="testFakeEngineFails" classname="com.rokurics.app.domain.provider.LocalTranscriptionEngineTest" time="0.001"/>
  <testcase name="testFakeEngineCustomTranscript" classname="com.rokurics.app.domain.provider.LocalTranscriptionEngineTest" time="0.0"/>
  <testcase name="testTranscriptionRequestFields" classname="com.rokurics.app.domain.provider.LocalTranscriptionEngineTest" time="0.0"/>
  <testcase name="testTranscriptionResultFields" classname="com.rokurics.app.domain.provider.LocalTranscriptionEngineTest" time="0.001"/>
  <testcase name="testTranscriptionError" classname="com.rokurics.app.domain.provider.LocalTranscriptionEngineTest" time="0.0"/>
  <system-out><![CDATA[]]></system-out>
  <system-err><![CDATA[]]></system-err>
</testsuite>
