<?xml version="1.0" encoding="UTF-8"?>
<testsuite name="com.rokurics.app.data.UploadJobLedgerTest" tests="12" skipped="0" failures="0" errors="0" timestamp="2026-06-01T02:36:10" hostname="MacBook-Pro.local" time="0.002">
  <properties/>
  <testcase name="testProgressFractionCalculation" classname="com.rokurics.app.data.UploadJobLedgerTest" time="0.0"/>
  <testcase name="testResumableSessionFields" classname="com.rokurics.app.data.UploadJobLedgerTest" time="0.001"/>
  <testcase name="testRetryDelayCalculation" classname="com.rokurics.app.data.UploadJobLedgerTest" time="0.0"/>
  <testcase name="testUploadJobDefaultState" classname="com.rokurics.app.data.UploadJobLedgerTest" time="0.0"/>
  <testcase name="testDeduplicatedJobsKeepsLatest" classname="com.rokurics.app.data.UploadJobLedgerTest" time="0.0"/>
  <testcase name="testRetryableJobsFilter" classname="com.rokurics.app.data.UploadJobLedgerTest" time="0.0"/>
  <testcase name="testFatalFailureIsNotRetryable" classname="com.rokurics.app.data.UploadJobLedgerTest" time="0.0"/>
  <testcase name="testJobStateMachineTransition" classname="com.rokurics.app.data.UploadJobLedgerTest" time="0.0"/>
  <testcase name="testLedgerVersionIs2" classname="com.rokurics.app.data.UploadJobLedgerTest" time="0.0"/>
  <testcase name="testCompletedJobHasCorrectState" classname="com.rokurics.app.data.UploadJobLedgerTest" time="0.0"/>
  <testcase name="testUploadConstantsMatchApple" classname="com.rokurics.app.data.UploadJobLedgerTest" time="0.0"/>
  <testcase name="testEmptyLedgerReturnsNoJobs" classname="com.rokurics.app.data.UploadJobLedgerTest" time="0.0"/>
  <system-out><![CDATA[]]></system-out>
  <system-err><![CDATA[]]></system-err>
</testsuite>
