<?xml version="1.0" encoding="UTF-8"?>
<testsuite name="com.rokurics.app.ui.home.DashboardStatisticsTest" tests="10" skipped="0" failures="0" errors="0" timestamp="2026-05-28T13:49:08" hostname="MacBook-Pro.local" time="0.004">
  <properties/>
  <testcase name="testCategoryCount" classname="com.rokurics.app.ui.home.DashboardStatisticsTest" time="0.001"/>
  <testcase name="testNoteCount" classname="com.rokurics.app.ui.home.DashboardStatisticsTest" time="0.0"/>
  <testcase name="testEmptyStatsAllZeros" classname="com.rokurics.app.ui.home.DashboardStatisticsTest" time="0.0"/>
  <testcase name="testCategoriesWithEmptyTypeFiltered" classname="com.rokurics.app.ui.home.DashboardStatisticsTest" time="0.0"/>
  <testcase name="testUploadedCount" classname="com.rokurics.app.ui.home.DashboardStatisticsTest" time="0.0"/>
  <testcase name="testFilingCategoryBreakdown" classname="com.rokurics.app.ui.home.DashboardStatisticsTest" time="0.0"/>
  <testcase name="testTotalDurationZeroForNoRecordings" classname="com.rokurics.app.ui.home.DashboardStatisticsTest" time="0.0"/>
  <testcase name="testTotalDurationSum" classname="com.rokurics.app.ui.home.DashboardStatisticsTest" time="0.0"/>
  <testcase name="testTranscriptionCount" classname="com.rokurics.app.ui.home.DashboardStatisticsTest" time="0.0"/>
  <testcase name="testFormatDurationShort" classname="com.rokurics.app.ui.home.DashboardStatisticsTest" time="0.003"/>
  <system-out><![CDATA[]]></system-out>
  <system-err><![CDATA[]]></system-err>
</testsuite>
