<?xml version="1.0" encoding="UTF-8"?>
<testsuite name="com.rokurics.app.domain.model.RecordingMetadataTest" tests="4" skipped="0" failures="0" errors="0" timestamp="2026-05-31T11:04:39" hostname="MacBook-Pro.local" time="0.004">
  <properties/>
  <testcase name="copy_preservesFields" classname="com.rokurics.app.domain.model.RecordingMetadataTest" time="0.001"/>
  <testcase name="constructor_defaults" classname="com.rokurics.app.domain.model.RecordingMetadataTest" time="0.001"/>
  <testcase name="recordingUploadStatus_fromRawValue" classname="com.rokurics.app.domain.model.RecordingMetadataTest" time="0.0"/>
  <testcase name="defaultTitle_includesDateFormat" classname="com.rokurics.app.domain.model.RecordingMetadataTest" time="0.002"/>
  <system-out><![CDATA[]]></system-out>
  <system-err><![CDATA[]]></system-err>
</testsuite>
