<?xml version="1.0" encoding="UTF-8"?>
<testsuite name="com.rokurics.app.domain.sync.LocalNetworkSyncDiffPlannerTest" tests="12" skipped="0" failures="0" errors="0" timestamp="2026-06-01T03:23:44" hostname="MacBook-Pro.local" time="0.003">
  <properties/>
  <testcase name="testLocalNewerRecordingTriggersUpload" classname="com.rokurics.app.domain.sync.LocalNetworkSyncDiffPlannerTest" time="0.002"/>
  <testcase name="testLocalMissingRecordingTriggersDownload" classname="com.rokurics.app.domain.sync.LocalNetworkSyncDiffPlannerTest" time="0.0"/>
  <testcase name="testPeerNewerRecordingTriggersDownload" classname="com.rokurics.app.domain.sync.LocalNetworkSyncDiffPlannerTest" time="0.0"/>
  <testcase name="testEqualRecordingHashesProduceNoOp" classname="com.rokurics.app.domain.sync.LocalNetworkSyncDiffPlannerTest" time="0.0"/>
  <testcase name="testEmptyInventoriesProduceNoWork" classname="com.rokurics.app.domain.sync.LocalNetworkSyncDiffPlannerTest" time="0.0"/>
  <testcase name="testBothChangedAfterLastSyncProducesConflict" classname="com.rokurics.app.domain.sync.LocalNetworkSyncDiffPlannerTest" time="0.0"/>
  <testcase name="testEqualItemHashesProduceNoOp" classname="com.rokurics.app.domain.sync.LocalNetworkSyncDiffPlannerTest" time="0.0"/>
  <testcase name="testPeerMissingRecordingTriggersUpload" classname="com.rokurics.app.domain.sync.LocalNetworkSyncDiffPlannerTest" time="0.0"/>
  <testcase name="testDiffPlanSummary" classname="com.rokurics.app.domain.sync.LocalNetworkSyncDiffPlannerTest" time="0.001"/>
  <testcase name="testAudioArtifactDoesNotAutoDownload" classname="com.rokurics.app.domain.sync.LocalNetworkSyncDiffPlannerTest" time="0.0"/>
  <testcase name="testEqualFolderHashesProduceNoOp" classname="com.rokurics.app.domain.sync.LocalNetworkSyncDiffPlannerTest" time="0.0"/>
  <testcase name="testEqualArtifactChecksumProducesNoOp" classname="com.rokurics.app.domain.sync.LocalNetworkSyncDiffPlannerTest" time="0.0"/>
  <system-out><![CDATA[]]></system-out>
  <system-err><![CDATA[]]></system-err>
</testsuite>
