<?xml version="1.0" encoding="UTF-8"?>
<testsuite name="com.rokurics.app.domain.sync.StudyLibraryBrowserTest" tests="12" skipped="0" failures="0" errors="0" timestamp="2026-05-28T13:49:08" hostname="MacBook-Pro.local" time="0.009">
  <properties/>
  <testcase name="testFolderTileColors" classname="com.rokurics.app.domain.sync.StudyLibraryBrowserTest" time="0.001"/>
  <testcase name="testBrowseContentShowsRecordings" classname="com.rokurics.app.domain.sync.StudyLibraryBrowserTest" time="0.001"/>
  <testcase name="testRootShowsTypeLevelFolders" classname="com.rokurics.app.domain.sync.StudyLibraryBrowserTest" time="0.004"/>
  <testcase name="testBreadcrumbsAtDepth2" classname="com.rokurics.app.domain.sync.StudyLibraryBrowserTest" time="0.001"/>
  <testcase name="testMaxDepthShowsItemsDirectly" classname="com.rokurics.app.domain.sync.StudyLibraryBrowserTest" time="0.0"/>
  <testcase name="testFolderIsFallback" classname="com.rokurics.app.domain.sync.StudyLibraryBrowserTest" time="0.0"/>
  <testcase name="testEmptyLibraryReturnsEmptyContent" classname="com.rokurics.app.domain.sync.StudyLibraryBrowserTest" time="0.0"/>
  <testcase name="testBreadcrumbsAtRoot" classname="com.rokurics.app.domain.sync.StudyLibraryBrowserTest" time="0.0"/>
  <testcase name="testUncategorizedItemsGrouped" classname="com.rokurics.app.domain.sync.StudyLibraryBrowserTest" time="0.0"/>
  <testcase name="testBrowsePathNavigation" classname="com.rokurics.app.domain.sync.StudyLibraryBrowserTest" time="0.001"/>
  <testcase name="testTruncatedPath" classname="com.rokurics.app.domain.sync.StudyLibraryBrowserTest" time="0.0"/>
  <testcase name="testDrillDownToSubjectLevel" classname="com.rokurics.app.domain.sync.StudyLibraryBrowserTest" time="0.001"/>
  <system-out><![CDATA[]]></system-out>
  <system-err><![CDATA[]]></system-err>
</testsuite>
