<?xml version="1.0" encoding="UTF-8"?>
<testsuite name="com.rokurics.app.data.CertificatePinnerTest" tests="4" skipped="0" failures="0" errors="0" timestamp="2026-05-31T11:04:38" hostname="MacBook-Pro.local" time="0.014">
  <properties/>
  <testcase name="fingerPrintShortCode_returnsFormattedCode" classname="com.rokurics.app.data.CertificatePinnerTest" time="0.012"/>
  <testcase name="constructor_validatesFingerprintLength" classname="com.rokurics.app.data.CertificatePinnerTest" time="0.001"/>
  <testcase name="constructor_acceptsValidFingerprint" classname="com.rokurics.app.data.CertificatePinnerTest" time="0.0"/>
  <testcase name="fingerPrintShortCode_invalidReturnsReadyNot" classname="com.rokurics.app.data.CertificatePinnerTest" time="0.0"/>
  <system-out><![CDATA[]]></system-out>
  <system-err><![CDATA[]]></system-err>
</testsuite>
