<?xml version="1.0" encoding="UTF-8"?>
<testsuite name="com.rokurics.app.service.RecordingManagerStateTest" tests="12" skipped="0" failures="0" errors="0" timestamp="2026-06-01T03:23:44" hostname="MacBook-Pro.local" time="0.001">
  <properties/>
  <testcase name="testNotificationDeniedIsNotBusy" classname="com.rokurics.app.service.RecordingManagerStateTest" time="0.0"/>
  <testcase name="testRecordingStateIsRecording" classname="com.rokurics.app.service.RecordingManagerStateTest" time="0.0"/>
  <testcase name="testNotificationDeniedIsNotPaused" classname="com.rokurics.app.service.RecordingManagerStateTest" time="0.0"/>
  <testcase name="testAllStatesExist" classname="com.rokurics.app.service.RecordingManagerStateTest" time="0.0"/>
  <testcase name="testSavedIsNotBusy" classname="com.rokurics.app.service.RecordingManagerStateTest" time="0.0"/>
  <testcase name="testPermissionDeniedIsNotBusy" classname="com.rokurics.app.service.RecordingManagerStateTest" time="0.0"/>
  <testcase name="testIdleStateIsNotBusy" classname="com.rokurics.app.service.RecordingManagerStateTest" time="0.0"/>
  <testcase name="testNotificationPermissionDeniedStateExists" classname="com.rokurics.app.service.RecordingManagerStateTest" time="0.0"/>
  <testcase name="testPausedStateIsPaused" classname="com.rokurics.app.service.RecordingManagerStateTest" time="0.0"/>
  <testcase name="testNotificationDeniedIsNotRecording" classname="com.rokurics.app.service.RecordingManagerStateTest" time="0.0"/>
  <testcase name="testBusyStates" classname="com.rokurics.app.service.RecordingManagerStateTest" time="0.0"/>
  <testcase name="testFailedIsNotBusy" classname="com.rokurics.app.service.RecordingManagerStateTest" time="0.0"/>
  <system-out><![CDATA[]]></system-out>
  <system-err><![CDATA[]]></system-err>
</testsuite>
