<?xml version="1.0" encoding="UTF-8"?>
<testsuite name="com.rokurics.app.data.SecureStorageTest" tests="11" skipped="0" failures="0" errors="0" timestamp="2026-05-28T13:49:43" hostname="MacBook-Pro.local" time="0.021">
  <properties/>
  <testcase name="testClear" classname="com.rokurics.app.data.SecureStorageTest" time="0.005"/>
  <testcase name="testOverwriteValue" classname="com.rokurics.app.data.SecureStorageTest" time="0.0"/>
  <testcase name="testPutAndGet" classname="com.rokurics.app.data.SecureStorageTest" time="0.0"/>
  <testcase name="testMultipleKeysIndependence" classname="com.rokurics.app.data.SecureStorageTest" time="0.0"/>
  <testcase name="testContains" classname="com.rokurics.app.data.SecureStorageTest" time="0.001"/>
  <testcase name="testBase64EncodingRoundtrip" classname="com.rokurics.app.data.SecureStorageTest" time="0.0"/>
  <testcase name="testEmptyValueClearsEntry" classname="com.rokurics.app.data.SecureStorageTest" time="0.0"/>
  <testcase name="testGetMissingKeyReturnsNull" classname="com.rokurics.app.data.SecureStorageTest" time="0.0"/>
  <testcase name="testApiKeyMigration" classname="com.rokurics.app.data.SecureStorageTest" time="0.0"/>
  <testcase name="testMigrationSimulation" classname="com.rokurics.app.data.SecureStorageTest" time="0.015"/>
  <testcase name="testRemoveKey" classname="com.rokurics.app.data.SecureStorageTest" time="0.0"/>
  <system-out><![CDATA[]]></system-out>
  <system-err><![CDATA[]]></system-err>
</testsuite>
